make all --print-data-base --no-builtin-variables --no-builtin-rules --question
# GNU Make 3.81
# Copyright (C) 2006  Free Software Foundation, Inc.
# This is free software; see the source for copying conditions.
# There is NO warranty; not even for MERCHANTABILITY or FITNESS FOR A
# PARTICULAR PURPOSE.

# This program built for i386-apple-darwin11.3.0

# Make data base, printed on Mon Sep 26 14:04:33 2022

# Variables

# automatic
<D = $(patsubst %/,%,$(dir $<))
# automatic
?F = $(notdir $?)
# automatic
?D = $(patsubst %/,%,$(dir $?))
# automatic
@D = $(patsubst %/,%,$(dir $@))
# automatic
@F = $(notdir $@)
# makefile
CURDIR := /Users/hrubym/go/src/mawsgo
# makefile
SHELL = /bin/sh
# environment
PS_PSQL_USER = trezor
# environment
VSCODE_NLS_CONFIG = {"locale":"cs","availableLanguages":{"*":"cs"},"_languagePackId":"12a62fa1fb994bb84e2f3b545543b517.cs","_translationsConfigFile":"/Users/hrubym/Library/Application Support/Code/clp/12a62fa1fb994bb84e2f3b545543b517.cs/tcf.json","_cacheRoot":"/Users/hrubym/Library/Application Support/Code/clp/12a62fa1fb994bb84e2f3b545543b517.cs","_resolvedLanguagePackCoreLocation":"/Users/hrubym/Library/Application Support/Code/clp/12a62fa1fb994bb84e2f3b545543b517.cs/74b1f979648cc44d385a2286793c226e611f59e7","_corruptedFile":"/Users/hrubym/Library/Application Support/Code/clp/12a62fa1fb994bb84e2f3b545543b517.cs/corrupted.info","_languagePackSupport":true}
# environment
_ = /usr/bin/make
# makefile
MAKEFILE_LIST := 
# environment
GO111MODULE = on
# environment
VSCODE_AMD_ENTRYPOINT = vs/workbench/api/node/extensionHostProcess
# environment
__CFBundleIdentifier = com.microsoft.VSCode
# environment
GC_JSON = gcloud.json
# environment
VSCODE_CWD = /
# environment
GOPROXY = https://proxy.golang.org,direct
# environment
PATH = /Users/hrubym/Library/Application Support/cloud-code/installer/google-cloud-sdk/bin:/Users/hrubym/.cargo/bin:/Applications/Julia-1.5.app/Contents/Resources/julia/bin/:/opt/local/bin:/opt/local/sbin:/Users/hrubym/knihovny/minizinc-1.6/bin:/Users/hrubym/knihovny/erl/otp_src_17.0/bin/:/Users/hrubym/local/bin:/usr/local/bin:/usr/bin:/bin:/usr/sbin:/sbin:/Library/TeX/texbin:/usr/local/go/bin:/usr/local/share/dotnet:/opt/X11/bin:~/.dotnet/tools:/Library/Apple/usr/bin:/Library/Frameworks/Mono.framework/Versions/Current/Commands:/Users/hrubym/google-cloud-sdk/bin
# environment
PS_PSQL_HOST = localhost
# environment
PS_WEB_PORT = 8080
# environment
PS_PSQL_PORT = 5432
# environment
GOPATH = /Users/hrubym/go
# environment
ELECTRON_RUN_AS_NODE = 1
# default
.FEATURES := target-specific order-only second-expansion else-if archives jobserver check-symlink
# environment
CLOUDSDK_METRICS_ENVIRONMENT = cloudcode.vscode
# environment
SSH_AUTH_SOCK = /private/tmp/com.apple.launchd.2RbKytN8JW/Listeners
# automatic
%F = $(notdir $%)
# environment
DISPLAY = /private/tmp/com.apple.launchd.QaHrJhq7tp/org.macosforge.xquartz:0
# environment
PS_HTTPG_SPORT = 8091
# environment
CLOUDSDK_METRICS_ENVIRONMENT_VERSION = 1.20.2
# environment
PWD = /Users/hrubym/go/src/mawsgo
# environment
ORIGINAL_XDG_CURRENT_DESKTOP = undefined
# environment
GOMODCACHE = /Users/hrubym/go/pkg/mod
# environment
HOME = /Users/hrubym
# default
MAKEFILEPATH := /Applications/Xcode.app/Contents/Developer/Makefiles
# environment
VSCODE_CODE_CACHE_PATH = /Users/hrubym/Library/Application Support/Code/CachedData/74b1f979648cc44d385a2286793c226e611f59e7
# environment
LOGNAME = hrubym
# environment
APPLICATION_INSIGHTS_NO_DIAGNOSTIC_CHANNEL = 1
# environment
VSCODE_HANDLES_UNCAUGHT_ERRORS = true
# automatic
^D = $(patsubst %/,%,$(dir $^))
# environment
XPC_FLAGS = 0x0
# default
MAKE = $(MAKE_COMMAND)
# default
MAKECMDGOALS := all
# environment
SHLVL = 2
# default
MAKE_VERSION := 3.81
# environment
USER = hrubym
# makefile
.DEFAULT_GOAL := 
# environment
PS_HTTPG_HOST = localhost
# automatic
%D = $(patsubst %/,%,$(dir $%))
# environment
PS_HTTPG_PORT = 8090
# environment
PS_BASEDIR = /Users/hrubym/PS
# default
MAKE_COMMAND := /Applications/Xcode.app/Contents/Developer/usr/bin/make
# default
.VARIABLES := 
# environment
TMPDIR = /var/folders/9h/0pk1nnt11vn1xz706sbb1tww0000gn/T/
# automatic
*F = $(notdir $*)
# environment
VSCODE_IPC_HOOK = /Users/hrubym/Library/Application Support/Code/1.71.2-main.sock
# environment
MallocNanoZone = 0
# environment
PS_PSQL_PASSWD = trezor
# makefile
MAKEFLAGS = Rrqp
# environment
MFLAGS = -Rrqp
# automatic
*D = $(patsubst %/,%,$(dir $*))
# environment
XPC_SERVICE_NAME = application.com.microsoft.VSCode.50574476.50574482
# automatic
+D = $(patsubst %/,%,$(dir $+))
# automatic
+F = $(notdir $+)
# environment
__CF_USER_TEXT_ENCODING = 0x1F5:0x1D:0x38
# environment
COMMAND_MODE = unix2003
# default
MAKEFILES := 
# automatic
<F = $(notdir $<)
# environment
LC_ALL = C
# environment
PS_PSQL_DBNAME = trezor
# automatic
^F = $(notdir $^)
# default
SUFFIXES := 
# default
.INCLUDE_DIRS = /usr/local/include
# environment
AWS_REGION = eu-central-1
# environment
MAKELEVEL := 0
# environment
LANG = C
# environment
VSCODE_PID = 22075
# variable set hash-table stats:
# Load=77/1024=8%, Rehash=0, Collisions=2/98=2%

# Pattern-specific Variable Values

# No pattern-specific variable values.

# Directories

# . (device 16777221, inode 44550071): 17 files, no impossibilities.

# 17 files, no impossibilities in 1 directories.

# Implicit Rules

# No implicit rules.

# Files

# Not a target:
all:
#  Command-line target.
#  Implicit rule search has been done.
#  File does not exist.
#  File has not been updated.
# variable set hash-table stats:
# Load=0/32=0%, Rehash=0, Collisions=0/0=0%

# Not a target:
.SUFFIXES:
#  Implicit rule search has not been done.
#  Modification time never checked.
#  File has not been updated.

# Not a target:
Makefile:
#  A default, MAKEFILES, or -include/sinclude makefile.
#  Implicit rule search has been done.
#  File does not exist.
#  File has been updated.
#  Failed to be updated.
# variable set hash-table stats:
# Load=0/32=0%, Rehash=0, Collisions=0/0=0%

# Not a target:
makefile:
#  A default, MAKEFILES, or -include/sinclude makefile.
#  Implicit rule search has been done.
#  File does not exist.
#  File has been updated.
#  Failed to be updated.
# variable set hash-table stats:
# Load=0/32=0%, Rehash=0, Collisions=0/0=0%

# Not a target:
.DEFAULT:
#  Implicit rule search has not been done.
#  Modification time never checked.
#  File has not been updated.

# Not a target:
GNUmakefile:
#  A default, MAKEFILES, or -include/sinclude makefile.
#  Implicit rule search has been done.
#  File does not exist.
#  File has been updated.
#  Failed to be updated.
# variable set hash-table stats:
# Load=0/32=0%, Rehash=0, Collisions=0/0=0%

# files hash-table stats:
# Load=6/1024=1%, Rehash=0, Collisions=0/17=0%
# VPATH Search Paths

# No `vpath' search paths.

# No general (`VPATH' variable) search path.

# # of strings in strcache: 0
# # of strcache buffers: 0
# strcache size: total = 0 / max = 0 / min = 4096 / avg = 0
# strcache free: total = 0 / max = 0 / min = 4096 / avg = 0

# Finished Make data base on Mon Sep 26 14:04:33 2022

 
make: *** No rule to make target `all'.  Stop.

